Arguments: 
  E:\Node.js\node.exe E:\MyDownloads\yarn\bin\yarn.js init

PATH: 
  E:\MyDownloads\cmder\vendor\git-for-windows\mingw64\bin;E:\MyDownloads\cmder\vendor\git-for-windows\usr\bin;C:\Users\15877\bin;E:\MyDownloads\cmder\vendor\git-for-windows\mingw64\bin;E:\MyDownloads\cmder\vendor\git-for-windows\usr\bin;C:\Users\15877\bin;C:\Users\15877\bin;E:\MyDownloads\cmder\bin;E:\MyDownloads\cmder\vendor\bin;E:\MyDownloads\cmder\vendor\git-for-windows\usr\bin;E:\MyDownloads\cmder\vendor\git-for-windows\usr\local\bin;E:\MyDownloads\cmder\vendor\git-for-windows\usr\bin;E:\MyDownloads\cmder\vendor\git-for-windows\usr\bin;E:\MyDownloads\cmder\vendor\git-for-windows\opt\bin;E:\MyDownloads\cmder\vendor\conemu-maximus5\ConEmu\Scripts;E:\MyDownloads\cmder\vendor\conemu-maximus5;E:\MyDownloads\cmder\vendor\conemu-maximus5\ConEmu;C:\Program Files\Common Files\Siemens\Automation\Simatic OAM\bin;C:\ProgramData\Oracle\Java\javapath;C:\Program Files (x86)\Intel\Intel(R) Management Engine Components\iCLS;C:\Program Files\Intel\Intel(R) Management Engine Components\iCLS;C:\Windows\system32;C:\Windows;C:\Windows\System32\Wbem;C:\Windows\System32\WindowsPowerShell\v1.0;C:\Program Files (x86)\Intel\Intel(R) Management Engine Components\DAL;C:\Program Files\Intel\Intel(R) Management Engine Components\DAL;C:\Program Files (x86)\Intel\Intel(R) Management Engine Components\IPT;C:\Program Files\Intel\Intel(R) Management Engine Components\IPT;C:\Program Files (x86)\NVIDIA Corporation\PhysX\Common;C:\WINDOWS\system32;C:\WINDOWS;C:\WINDOWS\System32\Wbem;C:\WINDOWS\System32\WindowsPowerShell\v1.0;C:\WINDOWS\System32\OpenSSH;C:\Program Files\NVIDIA Corporation\NVIDIA NvDLISR;E:\MATLAB\runtime\win64;E:\MATLAB\bin;C:\Program Files\Microsoft SQL Server\Client SDK\ODBC\110\Tools\Binn;C:\Program Files (x86)\Microsoft SQL Server\120\Tools\Binn;C:\Program Files\Microsoft SQL Server\120\Tools\Binn;C:\Program Files\Microsoft SQL Server\120\DTS\Binn;C:\Program Files (x86)\Windows Kits\8.1\Windows Performance Toolkit;E:\Node.js;E:\MyDownloads\yarn\bin;E:\Python\Scripts;E:\Python;C:\Users\15877\AppData\Local\Microsoft\WindowsApps;C:\Users\15877\AppData\Local\Programs\Microsoft VS Code\bin;C:\Users\15877\AppData\Roaming\npm;C:\Users\15877\AppData\Local\Yarn\bin;E:\MyDownloads\cmder;E:\MyDownloads\cmder\vendor\git-for-windows\usr\bin\vendor_perl;E:\MyDownloads\cmder\vendor\git-for-windows\usr\bin\core_perl

Yarn version: 
  1.22.5

Node version: 
  16.6.1

Platform: 
  win32 x64

Trace: 
  Error: canceled
      at Interface.<anonymous> (E:\MyDownloads\yarn\lib\cli.js:137009:13)
      at Interface.emit (node:events:394:28)
      at Interface._ttyWrite (node:readline:1081:16)
      at ReadStream.onkeypress (node:readline:288:10)
      at ReadStream.emit (node:events:394:28)
      at emitKeys (node:internal/readline/utils:358:14)
      at emitKeys.next (<anonymous>)
      at ReadStream.onData (node:internal/readline/emitKeypressEvents:61:36)
      at ReadStream.emit (node:events:394:28)
      at addChunk (node:internal/streams/readable:312:12)

npm manifest: 
  No manifest

yarn manifest: 
  No manifest

Lockfile: 
  No lockfile
